<?xml version="1.0" encoding="UTF-8"?>
<!-- Generated by org.testng.reporters.JUnitReportReporter -->
<testsuite skipped="0" hostname="PARTHA-PC" name="com.kritpost.tests.OwnerCreatingCampaign_Test" tests="1" failures="0" timestamp="16 Nov 2017 05:54:57 GMT" time="9.654" errors="0">
  <testcase name="creatingCampaign" time="9.654" classname="com.kritpost.tests.OwnerCreatingCampaign_Test"/>
</testsuite> <!-- com.kritpost.tests.OwnerCreatingCampaign_Test -->
