<?xml version="1.0" encoding="UTF-8"?>
<!-- Generated by org.testng.reporters.JUnitReportReporter -->
<testsuite skipped="0" hostname="PARTHA-PC" name="com.kritpost.tests.OwnerDeleteCampaign_Test" tests="1" failures="0" timestamp="16 Nov 2017 05:54:57 GMT" time="10.933" errors="0">
  <testcase name="ownerDeletingCampaign" time="10.933" classname="com.kritpost.tests.OwnerDeleteCampaign_Test"/>
</testsuite> <!-- com.kritpost.tests.OwnerDeleteCampaign_Test -->
