<?xml version="1.0" encoding="UTF-8"?>
<!-- Generated by org.testng.reporters.JUnitReportReporter -->
<testsuite skipped="0" hostname="PARTHA-PC" name="com.kritpost.tests.OwnerEditingCampaign_Test" tests="1" failures="0" timestamp="16 Nov 2017 05:54:57 GMT" time="10.206" errors="0">
  <testcase name="edit" time="10.206" classname="com.kritpost.tests.OwnerEditingCampaign_Test"/>
</testsuite> <!-- com.kritpost.tests.OwnerEditingCampaign_Test -->
