<?xml version="1.0" encoding="UTF-8"?>
<!-- Generated by org.testng.reporters.JUnitReportReporter -->
<testsuite skipped="0" hostname="PARTHA-PC" name="molcritpost.Test1" tests="5" failures="0" timestamp="27 Dec 2017 11:40:42 GMT" time="99.674" errors="0">
  <testcase name="test" time="17.332" classname="molcritpost.Test1"/>
  <testcase name="test" time="14.901" classname="molcritpost.Test1"/>
  <testcase name="test" time="22.876" classname="molcritpost.Test1"/>
  <testcase name="test" time="29.555" classname="molcritpost.Test1"/>
  <testcase name="test" time="15.010" classname="molcritpost.Test1"/>
</testsuite> <!-- molcritpost.Test1 -->
