<?xml version="1.0" encoding="UTF-8"?>
<!-- Generated by org.testng.reporters.JUnitReportReporter -->
<testsuite skipped="1" hostname="PARTHA-PC" name="molcritpost.Demo" tests="1" failures="0" timestamp="19 Jan 2018 07:45:32 GMT" time="0.000" errors="0">
  <testcase name="testFeature" time="0.000" classname="molcritpost.Demo">
    <skipped/>
  </testcase> <!-- testFeature -->
</testsuite> <!-- molcritpost.Demo -->
