<?xml version="1.0" encoding="UTF-8"?>
<!-- Generated by org.testng.reporters.JUnitReportReporter -->
<testsuite skipped="0" hostname="PARTHA-PC" name="molcritpost.Test1" tests="3" failures="0" timestamp="16 Jan 2018 09:47:55 GMT" time="68.477" errors="0">
  <testcase name="test" time="21.431" classname="molcritpost.Test1"/>
  <testcase name="test" time="23.548" classname="molcritpost.Test1"/>
  <testcase name="test" time="23.498" classname="molcritpost.Test1"/>
</testsuite> <!-- molcritpost.Test1 -->
