<?xml version="1.0" encoding="UTF-8"?>
<!-- Generated by org.testng.reporters.JUnitReportReporter -->
<testsuite skipped="0" hostname="PARTHA-PC" name="molcritpost.Demo1" tests="1" failures="0" timestamp="19 Jan 2018 05:28:32 GMT" time="15.322" errors="0">
  <testcase name="test" time="15.322" classname="molcritpost.Demo1"/>
</testsuite> <!-- molcritpost.Demo1 -->
