<?xml version="1.0" encoding="UTF-8"?>
<!-- Generated by org.testng.reporters.JUnitReportReporter -->
<testsuite skipped="1" hostname="PARTHA-PC" name="com.kritpost.tests.OwnerEditingCampaign_Test" tests="1" failures="0" timestamp="16 Nov 2017 05:58:29 GMT" time="0.000" errors="0">
  <testcase name="edit" time="0.000" classname="com.kritpost.tests.OwnerEditingCampaign_Test">
    <skipped/>
  </testcase> <!-- edit -->
</testsuite> <!-- com.kritpost.tests.OwnerEditingCampaign_Test -->
