<?xml version="1.0" encoding="UTF-8"?>
<!-- Generated by org.testng.reporters.JUnitReportReporter -->
<testsuite skipped="1" hostname="PARTHA-PC" name="com.kritpost.tests.MiluSkip" tests="1" failures="0" timestamp="27 Oct 2017 20:10:56 GMT" time="26.914" errors="0">
  <testcase name="creatingCampaign" time="26.914" classname="com.kritpost.tests.MiluSkip">
    <skipped/>
  </testcase> <!-- creatingCampaign -->
</testsuite> <!-- com.kritpost.tests.MiluSkip -->
